<?xml version="1.0" encoding="UTF-8"?>
<!-- Generated by org.testng.reporters.JUnitReportReporter -->
<testsuite hostname="LIN76003319" failures="0" tests="1" name="ReadData.ReadData_StoreIn_HashMap" time="0.641" errors="0" timestamp="2024-01-11T12:06:34 IST" skipped="0">
  <testcase classname="ReadData.ReadData_StoreIn_HashMap" name="GetExcelDataStoredInHAshMap" time="0.641"/>
  <system-out/>
</testsuite> <!-- ReadData.ReadData_StoreIn_HashMap -->
